0 info it worked if it ends with ok
1 verbose cli [ 'c:\\Program Files\\nodejs\\node.exe',
1 verbose cli   'c:\\Program Files\\nodejs\\node_modules\\npm\\bin\\npm-cli.js',
1 verbose cli   'start' ]
2 info using npm@3.3.12
3 info using node@v5.4.1
4 verbose run-script [ 'prestart', 'start', 'poststart' ]
5 info lifecycle dw_bot@0.0.1~prestart: dw_bot@0.0.1
6 silly lifecycle dw_bot@0.0.1~prestart: no script for prestart, continuing
7 info lifecycle dw_bot@0.0.1~start: dw_bot@0.0.1
8 verbose lifecycle dw_bot@0.0.1~start: unsafe-perm in lifecycle true
9 verbose lifecycle dw_bot@0.0.1~start: PATH: c:\Program Files\nodejs\node_modules\npm\bin\node-gyp-bin;C:\Users\DivineDon\WebstormProjects\DW_TypeBot\node_modules\.bin;c:\Users\DivineDon\bin;.;C:\Program Files (x86)\Git\local\bin;C:\Program Files (x86)\Git\mingw\bin;C:\Program Files (x86)\Git\bin;c:\Program Files\ConEmu;c:\Program Files\ConEmu\ConEmu;c:\ProgramData\Oracle\Java\javapath;c:\Program Files (x86)\Intel\iCLS Client\;c:\Program Files\Intel\iCLS Client\;c:\Windows\system32;c:\Windows;c:\Windows\System32\Wbem;c:\Windows\System32\WindowsPowerShell\v1.0\;c:\Program Files\Intel\Intel(R) Management Engine Components\DAL;c:\Program Files\Intel\Intel(R) Management Engine Components\IPT;c:\Program Files (x86)\Intel\Intel(R) Management Engine Components\DAL;c:\Program Files (x86)\Intel\Intel(R) Management Engine Components\IPT;c:\Program Files (x86)\NVIDIA Corporation\PhysX\Common;c:\HashiCorp\Vagrant\bin;c:\Go\bin;c:\Program Files (x86)\Skype\Phone\;c:\WINDOWS\system32\config\systemprofile\.dnx\bin;c:\Program Files\Microsoft DNX\Dnvm\;c:\WINDOWS\system32;c:\WINDOWS;c:\WINDOWS\System32\Wbem;c:\WINDOWS\System32\WindowsPowerShell\v1.0\;c:\Program Files\nodejs\;c:\Ruby22-x64\bin;c:\Users\DivineDon\AppData\Local\atom\bin;c:\Users\DivineDon\AppData\Local\atom\bin;c:\Users\DivineDon\AppData\Roaming\npm
10 verbose lifecycle dw_bot@0.0.1~start: CWD: C:\Users\DivineDon\WebstormProjects\DW_TypeBot
11 silly lifecycle dw_bot@0.0.1~start: Args: [ '/d /s /c', 'node index' ]
12 silly lifecycle dw_bot@0.0.1~start: Returned: code: 1  signal: null
13 info lifecycle dw_bot@0.0.1~start: Failed to exec start script
14 verbose stack Error: dw_bot@0.0.1 start: `node index`
14 verbose stack Exit status 1
14 verbose stack     at EventEmitter.<anonymous> (c:\Program Files\nodejs\node_modules\npm\lib\utils\lifecycle.js:232:16)
14 verbose stack     at emitTwo (events.js:87:13)
14 verbose stack     at EventEmitter.emit (events.js:172:7)
14 verbose stack     at ChildProcess.<anonymous> (c:\Program Files\nodejs\node_modules\npm\lib\utils\spawn.js:24:14)
14 verbose stack     at emitTwo (events.js:87:13)
14 verbose stack     at ChildProcess.emit (events.js:172:7)
14 verbose stack     at maybeClose (internal/child_process.js:821:16)
14 verbose stack     at Process.ChildProcess._handle.onexit (internal/child_process.js:211:5)
15 verbose pkgid dw_bot@0.0.1
16 verbose cwd C:\Users\DivineDon\WebstormProjects\DW_TypeBot
17 error Windows_NT 10.0.10586
18 error argv "c:\\Program Files\\nodejs\\node.exe" "c:\\Program Files\\nodejs\\node_modules\\npm\\bin\\npm-cli.js" "start"
19 error node v5.4.1
20 error npm  v3.3.12
21 error code ELIFECYCLE
22 error dw_bot@0.0.1 start: `node index`
22 error Exit status 1
23 error Failed at the dw_bot@0.0.1 start script 'node index'.
23 error Make sure you have the latest version of node.js and npm installed.
23 error If you do, this is most likely a problem with the dw_bot package,
23 error not with npm itself.
23 error Tell the author that this fails on your system:
23 error     node index
23 error You can get their info via:
23 error     npm owner ls dw_bot
23 error There is likely additional logging output above.
24 verbose exit [ 1, true ]
